<?xml version="1.0" encoding="UTF-8"?>
<testng-results ignored="0" total="1" passed="1" failed="0" skipped="0">
  <reporter-output>
  </reporter-output>
  <suite started-at="2023-12-10T20:30:00 IST" name="Default suite" finished-at="2023-12-10T20:30:13 IST" duration-ms="12784">
    <groups>
    </groups>
    <test started-at="2023-12-10T20:30:00 IST" name="Default test" finished-at="2023-12-10T20:30:13 IST" duration-ms="12784">
      <class name="dragAnddrop.DragAndDrop">
        <test-method is-config="true" signature="setUp()[pri:0, instance:dragAnddrop.DragAndDrop@4802796d]" started-at="2023-12-10T20:30:00 IST" name="setUp" finished-at="2023-12-10T20:30:05 IST" duration-ms="4330" status="PASS">
          <reporter-output>
          </reporter-output>
        </test-method> <!-- setUp -->
        <test-method signature="performDragAndDrop()[pri:0, instance:dragAnddrop.DragAndDrop@4802796d]" started-at="2023-12-10T20:30:05 IST" name="performDragAndDrop" finished-at="2023-12-10T20:30:13 IST" duration-ms="8022" status="PASS">
          <reporter-output>
          </reporter-output>
        </test-method> <!-- performDragAndDrop -->
        <test-method is-config="true" signature="tearDown()[pri:0, instance:dragAnddrop.DragAndDrop@4802796d]" started-at="2023-12-10T20:30:13 IST" name="tearDown" finished-at="2023-12-10T20:30:13 IST" duration-ms="336" status="PASS">
          <reporter-output>
          </reporter-output>
        </test-method> <!-- tearDown -->
      </class> <!-- dragAnddrop.DragAndDrop -->
    </test> <!-- Default test -->
  </suite> <!-- Default suite -->
</testng-results>
